<?xml version="1.0" encoding="UTF-8"?>
<!-- Generated by org.testng.reporters.JUnitReportReporter -->
<testsuite hostname="DESKTOP-282TSLQ" name="testScripts.sample" tests="1" failures="0" timestamp="3 May 2021 06:53:09 GMT" time="11.689" errors="0">
  <testcase name="copy" time="11.689" classname="testScripts.sample"/>
</testsuite> <!-- testScripts.sample -->
