<?xml version="1.0" encoding="UTF-8"?>
<!-- Generated by org.testng.reporters.JUnitReportReporter -->
<testsuite hostname="DESKTOP-282TSLQ" name="testScripts.ProjectSpecificFunctions" tests="1" failures="0" timestamp="21 Apr 2021 09:28:34 GMT" time="0.585" errors="0">
  <testcase name="loginAsAdmin" time="0.585" classname="testScripts.ProjectSpecificFunctions"/>
</testsuite> <!-- testScripts.ProjectSpecificFunctions -->
