<?xml version="1.0" encoding="UTF-8"?>
<!-- Generated by org.testng.reporters.JUnitReportReporter -->
<testsuite hostname="DESKTOP-282TSLQ" name="testScripts.ShortQtyBinning" tests="12" failures="0" timestamp="7 Oct 2021 06:04:19 GMT" time="825.144" errors="0">
  <testcase name="captureParentDetails" time="66.363" classname="testScripts.ShortQtyBinning"/>
  <testcase name="dispatch" time="61.000" classname="testScripts.ShortQtyBinning"/>
  <testcase name="binnerAssignment" time="46.498" classname="testScripts.ShortQtyBinning"/>
  <testcase name="pickerassign" time="33.233" classname="testScripts.ShortQtyBinning"/>
  <testcase name="pickingScreen" time="63.028" classname="testScripts.ShortQtyBinning"/>
  <testcase name="assignPOD" time="43.028" classname="testScripts.ShortQtyBinning"/>
  <testcase name="binning" time="314.724" classname="testScripts.ShortQtyBinning"/>
  <testcase name="consolidation" time="89.898" classname="testScripts.ShortQtyBinning"/>
  <testcase name="finishUpload" time="5.110" classname="testScripts.ShortQtyBinning"/>
  <testcase name="podGeneration" time="53.955" classname="testScripts.ShortQtyBinning"/>
  <testcase name="vehicleCreatioN" time="0.347" classname="testScripts.ShortQtyBinning"/>
  <testcase name="pickgeneration" time="47.960" classname="testScripts.ShortQtyBinning"/>
</testsuite> <!-- testScripts.ShortQtyBinning -->
