<?xml version="1.0" encoding="UTF-8"?>
<!-- Generated by org.testng.reporters.JUnitReportReporter -->
<testsuite hostname="DESKTOP-282TSLQ" name="testScripts.ExcessQtyBinning" tests="12" failures="0" timestamp="7 Oct 2021 06:04:19 GMT" time="825.286" errors="0">
  <testcase name="consolidation" time="89.906" classname="testScripts.ExcessQtyBinning"/>
  <testcase name="podGeneration" time="60.181" classname="testScripts.ExcessQtyBinning"/>
  <testcase name="pickgeneration" time="48.039" classname="testScripts.ExcessQtyBinning"/>
  <testcase name="assignPOD" time="43.561" classname="testScripts.ExcessQtyBinning"/>
  <testcase name="dispatch" time="61.001" classname="testScripts.ExcessQtyBinning"/>
  <testcase name="binnerAssignment" time="46.584" classname="testScripts.ExcessQtyBinning"/>
  <testcase name="binning" time="308.071" classname="testScripts.ExcessQtyBinning"/>
  <testcase name="captureParentDetails" time="66.414" classname="testScripts.ExcessQtyBinning"/>
  <testcase name="pickingScreen" time="62.858" classname="testScripts.ExcessQtyBinning"/>
  <testcase name="pickerassign" time="33.208" classname="testScripts.ExcessQtyBinning"/>
  <testcase name="finishUpload" time="5.085" classname="testScripts.ExcessQtyBinning"/>
  <testcase name="vehicleCreatioN" time="0.378" classname="testScripts.ExcessQtyBinning"/>
</testsuite> <!-- testScripts.ExcessQtyBinning -->
