<?xml version="1.0" encoding="UTF-8"?>
<!-- Generated by org.testng.reporters.JUnitReportReporter -->
<testsuite hostname="DESKTOP-282TSLQ" name="testScripts.Dummy2" tests="1" failures="0" timestamp="9 Apr 2021 08:28:25 GMT" time="0.000" errors="0">
  <testcase name="print2" time="0.000" classname="testScripts.Dummy2"/>
</testsuite> <!-- testScripts.Dummy2 -->
