<?xml version="1.0" encoding="UTF-8"?>
<!-- Generated by org.testng.reporters.JUnitReportReporter -->
<testsuite hostname="DESKTOP-282TSLQ" name="testScripts.ScanToBox" tests="13" failures="0" timestamp="7 Oct 2021 06:04:19 GMT" time="813.372" errors="0">
  <testcase name="pickerassign" time="33.028" classname="testScripts.ScanToBox"/>
  <testcase name="binning" time="281.613" classname="testScripts.ScanToBox"/>
  <testcase name="vehicleCreatioN" time="0.394" classname="testScripts.ScanToBox"/>
  <testcase name="pickingScreen" time="62.991" classname="testScripts.ScanToBox"/>
  <testcase name="pickgeneration" time="48.250" classname="testScripts.ScanToBox"/>
  <testcase name="finishUpload" time="7.086" classname="testScripts.ScanToBox"/>
  <testcase name="assignPOD" time="43.174" classname="testScripts.ScanToBox"/>
  <testcase name="captureParentDetails" time="71.293" classname="testScripts.ScanToBox"/>
  <testcase name="podGeneration1" time="39.262" classname="testScripts.ScanToBox"/>
  <testcase name="dispatch" time="61.004" classname="testScripts.ScanToBox"/>
  <testcase name="printScanToBoxlabel" time="28.847" classname="testScripts.ScanToBox"/>
  <testcase name="consolidation" time="89.846" classname="testScripts.ScanToBox"/>
  <testcase name="binnerAssignment" time="46.584" classname="testScripts.ScanToBox"/>
</testsuite> <!-- testScripts.ScanToBox -->
