<?xml version="1.0" encoding="UTF-8"?>
<!-- Generated by org.testng.reporters.JUnitReportReporter -->
<testsuite hostname="DESKTOP-282TSLQ" name="testScripts.Robot_Functions" tests="1" failures="0" timestamp="3 May 2021 12:28:18 GMT" time="7.749" errors="0">
  <testcase name="robotFunctions" time="7.749" classname="testScripts.Robot_Functions"/>
</testsuite> <!-- testScripts.Robot_Functions -->
