<?xml version="1.0" encoding="UTF-8"?>
<!-- Generated by org.testng.reporters.JUnitReportReporter -->
<testsuite skipped="0" hostname="DESKTOP-UDD8J6H" name="testScripts.Demo" tests="1" failures="0" timestamp="23 Feb 2021 05:26:02 GMT" time="23.054" errors="0">
  <testcase name="demo1" time="23.054" classname="testScripts.Demo"/>
</testsuite> <!-- testScripts.Demo -->
