<?xml version="1.0" encoding="UTF-8"?>
<!-- Generated by org.testng.reporters.JUnitReportReporter -->
<testsuite hostname="DESKTOP-282TSLQ" name="Dummy1" tests="1" failures="0" timestamp="23 Apr 2021 07:33:36 GMT" time="0.010" errors="0">
  <testcase name="dummy1" time="0.010" classname="Dummy1"/>
</testsuite> <!-- Dummy1 -->
