<?xml version="1.0" encoding="UTF-8"?>
<!-- Generated by org.testng.reporters.JUnitReportReporter -->
<testsuite skipped="0" hostname="LAP-C-4172" name="testScripts.Api" tests="1" failures="0" timestamp="24 Mar 2023 12:02:10 GMT" time="2.122" errors="0">
  <testcase name="order" time="2.122" classname="testScripts.Api"/>
</testsuite> <!-- testScripts.Api -->
