<?xml version="1.0" encoding="UTF-8"?>
<!-- Generated by org.testng.reporters.JUnitReportReporter -->
<testsuite skipped="0" hostname="LAP-C-4153" name="testScripts.Cancellation_Inbound" tests="3" failures="0" timestamp="16 May 2023 07:39:34 GMT" time="977.905" errors="0">
  <testcase name="INB_Cancellation_DuringBinning" time="384.279" classname="testScripts.Cancellation_Inbound"/>
  <testcase name="INB_Cancellation_DockinScreen" time="247.816" classname="testScripts.Cancellation_Inbound"/>
  <testcase name="INB_Cancellation_AfterBinnerAssignment" time="345.810" classname="testScripts.Cancellation_Inbound"/>
</testsuite> <!-- testScripts.Cancellation_Inbound -->
