<?xml version="1.0" encoding="UTF-8"?>
<!-- Generated by org.testng.reporters.JUnitReportReporter -->
<testsuite hostname="DESKTOP-282TSLQ" name="testScripts.SmokeCUSLPN" tests="2" failures="0" timestamp="23 Nov 2021 14:14:03 GMT" time="808.522" errors="0">
  <testcase name="cuslpnPicktypeOut" time="327.834" classname="testScripts.SmokeCUSLPN"/>
  <testcase name="cuslpnPicktypeInb" time="480.688" classname="testScripts.SmokeCUSLPN"/>
</testsuite> <!-- testScripts.SmokeCUSLPN -->
