<?xml version="1.0" encoding="UTF-8"?>
<!-- Generated by org.testng.reporters.JUnitReportReporter -->
<testsuite skipped="0" hostname="LAP-C-4172" name="testScripts.HZLLiveIssues" tests="1" failures="0" timestamp="20 Apr 2023 10:14:30 GMT" time="193.018" errors="0">
  <testcase name="Live_13501" time="193.018" classname="testScripts.HZLLiveIssues"/>
</testsuite> <!-- testScripts.HZLLiveIssues -->
