<?xml version="1.0" encoding="UTF-8"?>
<!-- Generated by org.testng.reporters.JUnitReportReporter -->
<testsuite hostname="DESKTOP-282TSLQ" name="Dummy2" tests="1" failures="0" timestamp="23 Apr 2021 06:39:21 GMT" time="0.003" errors="0">
  <testcase name="dummy2" time="0.003" classname="Dummy2"/>
</testsuite> <!-- Dummy2 -->
