<?xml version="1.0" encoding="UTF-8"?>
<!-- Generated by org.testng.reporters.JUnitReportReporter -->
<testsuite hostname="DESKTOP-282TSLQ" name="testScripts.SmokeFIFO" tests="2" failures="0" timestamp="23 Nov 2021 14:14:03 GMT" time="858.998" errors="0">
  <testcase name="fifoPicktypeInb" time="496.382" classname="testScripts.SmokeFIFO"/>
  <testcase name="fifoPicktypeOut" time="362.616" classname="testScripts.SmokeFIFO"/>
</testsuite> <!-- testScripts.SmokeFIFO -->
