<?xml version="1.0" encoding="UTF-8"?>
<!-- Generated by org.testng.reporters.JUnitReportReporter -->
<testsuite skipped="0" hostname="LAP-C-4153" name="testScripts.BorosilFlow" tests="1" failures="1" timestamp="11 May 2023 19:40:28 GMT" time="28.232" errors="0">
  <testcase name="BodyShopFlow1" time="28.232" classname="testScripts.BorosilFlow">
    <failure type="java.lang.AssertionError" message="expected [https://test.tvsscstulip.com/#/login] but found [https://test.tvsscstulip.com/#/dashboard]">
      <![CDATA[java.lang.AssertionError: expected [https://test.tvsscstulip.com/#/login] but found [https://test.tvsscstulip.com/#/dashboard]
at testScripts.TestNGlisteners.onTestFailure(TestNGlisteners.java:62)
at org.testng.internal.TestListenerHelper.runTestListeners(TestListenerHelper.java:67)
at org.testng.internal.Invoker.runTestListeners(Invoker.java:1389)
at org.testng.internal.Invoker.invokeMethod(Invoker.java:636)
at org.testng.internal.Invoker.invokeTestMethod(Invoker.java:719)
at org.testng.internal.Invoker.invokeTestMethods(Invoker.java:989)
at org.testng.internal.TestMethodWorker.invokeTestMethods(TestMethodWorker.java:125)
at org.testng.internal.TestMethodWorker.run(TestMethodWorker.java:109)
at org.testng.TestRunner.privateRun(TestRunner.java:648)
at org.testng.TestRunner.run(TestRunner.java:505)
at org.testng.SuiteRunner.runTest(SuiteRunner.java:455)
at org.testng.SuiteRunner.runSequentially(SuiteRunner.java:450)
at org.testng.SuiteRunner.privateRun(SuiteRunner.java:415)
at org.testng.SuiteRunner.run(SuiteRunner.java:364)
at org.testng.SuiteRunnerWorker.runSuite(SuiteRunnerWorker.java:52)
at org.testng.SuiteRunnerWorker.run(SuiteRunnerWorker.java:84)
at org.testng.TestNG.runSuitesSequentially(TestNG.java:1208)
at org.testng.TestNG.runSuitesLocally(TestNG.java:1137)
at org.testng.TestNG.runSuites(TestNG.java:1049)
at org.testng.TestNG.run(TestNG.java:1017)
at testScripts.VisibilityMain.main(VisibilityMain.java:68)
]]>
    </failure>
  </testcase> <!-- BodyShopFlow1 -->
</testsuite> <!-- testScripts.BorosilFlow -->
