<?xml version="1.0" encoding="UTF-8"?>
<!-- Generated by org.testng.reporters.JUnitReportReporter -->
<testsuite skipped="0" hostname="LAP-C-4172" name="testScripts.ScantoBoxPicking_FS" tests="1" failures="0" timestamp="19 Nov 2022 17:00:43 GMT" time="486.858" errors="0">
  <testcase name="scantoboxFS" time="486.858" classname="testScripts.ScantoBoxPicking_FS"/>
</testsuite> <!-- testScripts.ScantoBoxPicking_FS -->
