<?xml version="1.0" encoding="UTF-8"?>
<!-- Generated by org.testng.reporters.JUnitReportReporter -->
<testsuite hostname="DESKTOP-282TSLQ" name="testScripts.SmokeFIFOSUG" tests="2" failures="0" timestamp="23 Nov 2021 14:14:03 GMT" time="875.519" errors="0">
  <testcase name="fifosugPicktypeOut" time="386.742" classname="testScripts.SmokeFIFOSUG"/>
  <testcase name="fifosugPicktypeInb" time="488.777" classname="testScripts.SmokeFIFOSUG"/>
</testsuite> <!-- testScripts.SmokeFIFOSUG -->
