<?xml version="1.0" encoding="UTF-8"?>
<!-- Generated by org.testng.reporters.JUnitReportReporter -->
<testsuite skipped="0" hostname="LAP-C-4153" name="testScripts.LabelReprint" tests="11" failures="0" timestamp="05 Jul 2022 06:05:10 GMT" time="656.587" errors="0">
  <testcase name="fifoPicktypeOut" time="225.189" classname="testScripts.LabelReprint"/>
  <testcase name="inboundBinlabel" time="18.874" classname="testScripts.LabelReprint"/>
  <testcase name="OUTBOUND_Dispatch_label" time="8.420" classname="testScripts.LabelReprint"/>
  <testcase name="SEARCH_BY_ORDER_ID" time="6.755" classname="testScripts.LabelReprint"/>
  <testcase name="SEARCH_BY_CUSTOMER_REFERENCE" time="6.688" classname="testScripts.LabelReprint"/>
  <testcase name="Box_Label" time="20.092" classname="testScripts.LabelReprint"/>
  <testcase name="OUTBOUND_Packingslip" time="9.844" classname="testScripts.LabelReprint"/>
  <testcase name="OUTBOUND_VON_Packingslip" time="8.767" classname="testScripts.LabelReprint"/>
  <testcase name="OUTBOUND_VON_Dispatchlabel" time="9.388" classname="testScripts.LabelReprint"/>
  <testcase name="SEARCH_BY_LPN" time="6.587" classname="testScripts.LabelReprint"/>
  <testcase name="fifoPicktypeInb" time="335.983" classname="testScripts.LabelReprint"/>
</testsuite> <!-- testScripts.LabelReprint -->
