<?xml version="1.0" encoding="UTF-8"?>
<!-- Generated by org.testng.reporters.JUnitReportReporter -->
<testsuite hostname="DESKTOP-282TSLQ" name="testScripts.Flow2" tests="7" failures="0" timestamp="26 Apr 2021 07:09:53 GMT" time="680.877" errors="0">
  <testcase name="outboundCREATEREQUEST1" time="119.912" classname="testScripts.Flow2"/>
  <testcase name="pickerassignment" time="77.147" classname="testScripts.Flow2"/>
  <testcase name="Random_pick" time="201.914" classname="testScripts.Flow2"/>
  <testcase name="AlternativeBin_Picking" time="55.064" classname="testScripts.Flow2"/>
  <testcase name="shortpick" time="84.347" classname="testScripts.Flow2"/>
  <testcase name="optimization_skip" time="28.239" classname="testScripts.Flow2"/>
  <testcase name="dispatch" time="114.254" classname="testScripts.Flow2"/>
</testsuite> <!-- testScripts.Flow2 -->
