<?xml version="1.0" encoding="UTF-8"?>
<!-- Generated by org.testng.reporters.JUnitReportReporter -->
<testsuite skipped="0" hostname="LAP-C-4172" name="testScripts.FMFO" tests="1" failures="0" timestamp="21 Nov 2022 12:05:29 GMT" time="0.501" errors="0">
  <testcase name="FMFODB" time="0.501" classname="testScripts.FMFO"/>
</testsuite> <!-- testScripts.FMFO -->
