<?xml version="1.0" encoding="UTF-8"?>
<!-- Generated by org.testng.reporters.JUnitReportReporter -->
<testsuite skipped="0" hostname="LAP-C-4172" name="testScripts.TempOrder" tests="1" failures="0" timestamp="12 Oct 2022 02:30:49 GMT" time="584.958" errors="0">
  <testcase name="tempSalesOrder" time="584.958" classname="testScripts.TempOrder"/>
</testsuite> <!-- testScripts.TempOrder -->
