<?xml version="1.0" encoding="UTF-8"?>
<!-- Generated by org.testng.reporters.JUnitReportReporter -->
<testsuite hostname="DESKTOP-282TSLQ" name="testScripts.SmokeBATCHTYPE" tests="2" failures="0" timestamp="23 Nov 2021 14:14:03 GMT" time="827.777" errors="0">
  <testcase name="batchPicktypeInb" time="488.905" classname="testScripts.SmokeBATCHTYPE"/>
  <testcase name="batchPicktypeOut" time="338.872" classname="testScripts.SmokeBATCHTYPE"/>
</testsuite> <!-- testScripts.SmokeBATCHTYPE -->
