<?xml version="1.0" encoding="UTF-8"?>
<!-- Generated by org.testng.reporters.JUnitReportReporter -->
<testsuite skipped="0" hostname="LAP-C-4172" name="testScripts.ScantoBoxPicking" tests="1" failures="0" timestamp="10 Nov 2022 09:48:47 GMT" time="534.222" errors="0">
  <testcase name="scantoboxBN" time="534.222" classname="testScripts.ScantoBoxPicking"/>
</testsuite> <!-- testScripts.ScantoBoxPicking -->
