<?xml version="1.0" encoding="UTF-8"?>
<!-- Generated by org.testng.reporters.JUnitReportReporter -->
<testsuite skipped="0" hostname="LAP-C-4153" name="testScripts.CartLabel_Consolidation" tests="1" failures="0" timestamp="16 May 2023 14:58:02 GMT" time="486.376" errors="0">
  <testcase name="fifoPicktypeInb" time="486.376" classname="testScripts.CartLabel_Consolidation"/>
</testsuite> <!-- testScripts.CartLabel_Consolidation -->
