<?xml version="1.0" encoding="UTF-8"?>
<!-- Generated by org.testng.reporters.JUnitReportReporter -->
<testsuite skipped="0" hostname="LAP-C-4172" name="testScripts.JCHLiveIssues" tests="1" failures="0" timestamp="20 Apr 2023 10:14:30 GMT" time="471.079" errors="0">
  <testcase name="live" time="471.079" classname="testScripts.JCHLiveIssues"/>
</testsuite> <!-- testScripts.JCHLiveIssues -->
