<?xml version="1.0" encoding="UTF-8"?>
<!-- Generated by org.testng.reporters.JUnitReportReporter -->
<testsuite skipped="0" hostname="LAP-C-4172" name="testScripts.TVSLiveIssues" tests="1" failures="0" timestamp="27 Apr 2023 07:05:11 GMT" time="126.223" errors="0">
  <testcase name="Live_13493" time="126.223" classname="testScripts.TVSLiveIssues"/>
</testsuite> <!-- testScripts.TVSLiveIssues -->
