<?xml version="1.0" encoding="UTF-8"?>
<!-- Generated by org.testng.reporters.JUnitReportReporter -->
<testsuite hostname="DESKTOP-282TSLQ" name="testScripts.SmokeFMFO" tests="2" failures="0" timestamp="23 Nov 2021 14:14:03 GMT" time="866.208" errors="0">
  <testcase name="fmfoPicktypeOut" time="376.696" classname="testScripts.SmokeFMFO"/>
  <testcase name="fmfoPicktypeInb" time="489.512" classname="testScripts.SmokeFMFO"/>
</testsuite> <!-- testScripts.SmokeFMFO -->
