<?xml version="1.0" encoding="UTF-8"?>
<!-- Generated by org.testng.reporters.JUnitReportReporter -->
<testsuite hostname="DESKTOP-282TSLQ" name="testScripts.SmokeSERIALNUM" tests="2" failures="0" timestamp="23 Nov 2021 14:14:03 GMT" time="882.879" errors="0">
  <testcase name="serialNumberpicktypeInb" time="488.790" classname="testScripts.SmokeSERIALNUM"/>
  <testcase name="serialNumberpicktypeOut" time="394.089" classname="testScripts.SmokeSERIALNUM"/>
</testsuite> <!-- testScripts.SmokeSERIALNUM -->
