<?xml version="1.0" encoding="UTF-8"?>
<!-- Generated by org.testng.reporters.JUnitReportReporter -->
<testsuite hostname="DESKTOP-282TSLQ" name="testScripts.SmokeFEFO" tests="2" failures="0" timestamp="23 Nov 2021 14:14:03 GMT" time="815.348" errors="0">
  <testcase name="fefoPicktypeInb" time="488.344" classname="testScripts.SmokeFEFO"/>
  <testcase name="fefoPicktypeOut" time="327.004" classname="testScripts.SmokeFEFO"/>
</testsuite> <!-- testScripts.SmokeFEFO -->
