<?xml version="1.0" encoding="UTF-8"?>
<!-- Generated by org.testng.reporters.JUnitReportReporter -->
<testsuite skipped="0" hostname="DESKTOP-3JR2MJP" name="testScripts.Vehicle" tests="1" failures="0" timestamp="2021-11-03T12:44:44 IST" time="0.008" errors="0">
  <testcase name="veh" time="0.008" classname="testScripts.Vehicle"/>
  <system-out/>
</testsuite> <!-- testScripts.Vehicle -->
